CRITICAL - 2024-05-26 12:38:23 --> ErrorException: Undefined variable $personne
[Method: GET, Route: personnes/liste]
in APPPATH\Views\includes\header.php on line 3.
 1 APPPATH\Views\includes\header.php(3): CodeIgniter\Debug\Exceptions->errorHandler(2, 'Undefined variable $personne', 'C:\\xampp\\htdocs\\project-root\\-connectify\\app\\Views\\includes\\header.php', 3)
 2 SYSTEMPATH\View\View.php(234): include('C:\\xampp\\htdocs\\project-root\\-connectify\\app\\Views\\includes\\header.php')
 3 SYSTEMPATH\View\View.php(237): CodeIgniter\View\View->CodeIgniter\View\{closure}()
 4 SYSTEMPATH\Common.php(1171): CodeIgniter\View\View->render('includes/header', [], true)
 5 APPPATH\Views\personnes\liste.php(4): view('includes/header')
 6 SYSTEMPATH\View\View.php(234): include('C:\\xampp\\htdocs\\project-root\\-connectify\\app\\Views\\personnes\\liste.php')
 7 SYSTEMPATH\View\View.php(237): CodeIgniter\View\View->CodeIgniter\View\{closure}()
 8 SYSTEMPATH\Common.php(1171): CodeIgniter\View\View->render('personnes/liste', [], true)
 9 APPPATH\Controllers\Personnes.php(14): view('personnes/liste', [...])
10 SYSTEMPATH\CodeIgniter.php(933): App\Controllers\Personnes->liste()
11 SYSTEMPATH\CodeIgniter.php(509): CodeIgniter\CodeIgniter->runController(Object(App\Controllers\Personnes))
12 SYSTEMPATH\CodeIgniter.php(355): CodeIgniter\CodeIgniter->handleRequest(null, Object(Config\Cache), false)
13 SYSTEMPATH\Boot.php(312): CodeIgniter\CodeIgniter->run()
14 SYSTEMPATH\Boot.php(67): CodeIgniter\Boot::runCodeIgniter(Object(CodeIgniter\CodeIgniter))
15 FCPATH\index.php(56): CodeIgniter\Boot::bootWeb(Object(Config\Paths))
16 SYSTEMPATH\Commands\Server\rewrite.php(49): require_once('C:\\xampp\\htdocs\\project-root\\-connectify\\public\\index.php')
CRITICAL - 2024-05-26 13:16:03 --> CodeIgniter\HTTP\Exceptions\BadRequestException: The URI you submitted has disallowed characters: "'personnes"
[Method: GET, Route: personnes/%27personnes/ajouter%27]
in SYSTEMPATH\Router\Router.php on line 736.
 1 SYSTEMPATH\Router\Router.php(203): CodeIgniter\Router\Router->checkDisallowedChars('personnes/\'personnes/ajouter\'')
 2 SYSTEMPATH\CodeIgniter.php(834): CodeIgniter\Router\Router->handle('personnes/\'personnes/ajouter\'')
 3 SYSTEMPATH\CodeIgniter.php(457): CodeIgniter\CodeIgniter->tryToRouteIt(Object(CodeIgniter\Router\RouteCollection))
 4 SYSTEMPATH\CodeIgniter.php(355): CodeIgniter\CodeIgniter->handleRequest(null, Object(Config\Cache), false)
 5 SYSTEMPATH\Boot.php(312): CodeIgniter\CodeIgniter->run()
 6 SYSTEMPATH\Boot.php(67): CodeIgniter\Boot::runCodeIgniter(Object(CodeIgniter\CodeIgniter))
 7 FCPATH\index.php(56): CodeIgniter\Boot::bootWeb(Object(Config\Paths))
 8 SYSTEMPATH\Commands\Server\rewrite.php(49): require_once('C:\\xampp\\htdocs\\project-root\\-connectify\\public\\index.php')
CRITICAL - 2024-05-26 13:19:44 --> CodeIgniter\HTTP\Exceptions\BadRequestException: The URI you submitted has disallowed characters: "'personnes"
[Method: GET, Route: personnes/%27personnes/ajouter%27]
in SYSTEMPATH\Router\Router.php on line 736.
 1 SYSTEMPATH\Router\Router.php(203): CodeIgniter\Router\Router->checkDisallowedChars('personnes/\'personnes/ajouter\'')
 2 SYSTEMPATH\CodeIgniter.php(834): CodeIgniter\Router\Router->handle('personnes/\'personnes/ajouter\'')
 3 SYSTEMPATH\CodeIgniter.php(457): CodeIgniter\CodeIgniter->tryToRouteIt(Object(CodeIgniter\Router\RouteCollection))
 4 SYSTEMPATH\CodeIgniter.php(355): CodeIgniter\CodeIgniter->handleRequest(null, Object(Config\Cache), false)
 5 SYSTEMPATH\Boot.php(312): CodeIgniter\CodeIgniter->run()
 6 SYSTEMPATH\Boot.php(67): CodeIgniter\Boot::runCodeIgniter(Object(CodeIgniter\CodeIgniter))
 7 FCPATH\index.php(56): CodeIgniter\Boot::bootWeb(Object(Config\Paths))
 8 SYSTEMPATH\Commands\Server\rewrite.php(49): require_once('C:\\xampp\\htdocs\\project-root\\-connectify\\public\\index.php')
CRITICAL - 2024-05-26 13:19:46 --> CodeIgniter\HTTP\Exceptions\BadRequestException: The URI you submitted has disallowed characters: "'personnes"
[Method: GET, Route: personnes/%27personnes/ajouter%27]
in SYSTEMPATH\Router\Router.php on line 736.
 1 SYSTEMPATH\Router\Router.php(203): CodeIgniter\Router\Router->checkDisallowedChars('personnes/\'personnes/ajouter\'')
 2 SYSTEMPATH\CodeIgniter.php(834): CodeIgniter\Router\Router->handle('personnes/\'personnes/ajouter\'')
 3 SYSTEMPATH\CodeIgniter.php(457): CodeIgniter\CodeIgniter->tryToRouteIt(Object(CodeIgniter\Router\RouteCollection))
 4 SYSTEMPATH\CodeIgniter.php(355): CodeIgniter\CodeIgniter->handleRequest(null, Object(Config\Cache), false)
 5 SYSTEMPATH\Boot.php(312): CodeIgniter\CodeIgniter->run()
 6 SYSTEMPATH\Boot.php(67): CodeIgniter\Boot::runCodeIgniter(Object(CodeIgniter\CodeIgniter))
 7 FCPATH\index.php(56): CodeIgniter\Boot::bootWeb(Object(Config\Paths))
 8 SYSTEMPATH\Commands\Server\rewrite.php(49): require_once('C:\\xampp\\htdocs\\project-root\\-connectify\\public\\index.php')
CRITICAL - 2024-05-26 13:19:47 --> CodeIgniter\HTTP\Exceptions\BadRequestException: The URI you submitted has disallowed characters: "'personnes"
[Method: GET, Route: personnes/%27personnes/ajouter%27]
in SYSTEMPATH\Router\Router.php on line 736.
 1 SYSTEMPATH\Router\Router.php(203): CodeIgniter\Router\Router->checkDisallowedChars('personnes/\'personnes/ajouter\'')
 2 SYSTEMPATH\CodeIgniter.php(834): CodeIgniter\Router\Router->handle('personnes/\'personnes/ajouter\'')
 3 SYSTEMPATH\CodeIgniter.php(457): CodeIgniter\CodeIgniter->tryToRouteIt(Object(CodeIgniter\Router\RouteCollection))
 4 SYSTEMPATH\CodeIgniter.php(355): CodeIgniter\CodeIgniter->handleRequest(null, Object(Config\Cache), false)
 5 SYSTEMPATH\Boot.php(312): CodeIgniter\CodeIgniter->run()
 6 SYSTEMPATH\Boot.php(67): CodeIgniter\Boot::runCodeIgniter(Object(CodeIgniter\CodeIgniter))
 7 FCPATH\index.php(56): CodeIgniter\Boot::bootWeb(Object(Config\Paths))
 8 SYSTEMPATH\Commands\Server\rewrite.php(49): require_once('C:\\xampp\\htdocs\\project-root\\-connectify\\public\\index.php')
CRITICAL - 2024-05-26 13:20:21 --> CodeIgniter\HTTP\Exceptions\BadRequestException: The URI you submitted has disallowed characters: "'personnes"
[Method: GET, Route: personnes/%27personnes/ajouter%27]
in SYSTEMPATH\Router\Router.php on line 736.
 1 SYSTEMPATH\Router\Router.php(203): CodeIgniter\Router\Router->checkDisallowedChars('personnes/\'personnes/ajouter\'')
 2 SYSTEMPATH\CodeIgniter.php(834): CodeIgniter\Router\Router->handle('personnes/\'personnes/ajouter\'')
 3 SYSTEMPATH\CodeIgniter.php(457): CodeIgniter\CodeIgniter->tryToRouteIt(Object(CodeIgniter\Router\RouteCollection))
 4 SYSTEMPATH\CodeIgniter.php(355): CodeIgniter\CodeIgniter->handleRequest(null, Object(Config\Cache), false)
 5 SYSTEMPATH\Boot.php(312): CodeIgniter\CodeIgniter->run()
 6 SYSTEMPATH\Boot.php(67): CodeIgniter\Boot::runCodeIgniter(Object(CodeIgniter\CodeIgniter))
 7 FCPATH\index.php(56): CodeIgniter\Boot::bootWeb(Object(Config\Paths))
 8 SYSTEMPATH\Commands\Server\rewrite.php(49): require_once('C:\\xampp\\htdocs\\project-root\\-connectify\\public\\index.php')
CRITICAL - 2024-05-26 13:20:22 --> CodeIgniter\HTTP\Exceptions\BadRequestException: The URI you submitted has disallowed characters: "'personnes"
[Method: GET, Route: personnes/%27personnes/ajouter%27]
in SYSTEMPATH\Router\Router.php on line 736.
 1 SYSTEMPATH\Router\Router.php(203): CodeIgniter\Router\Router->checkDisallowedChars('personnes/\'personnes/ajouter\'')
 2 SYSTEMPATH\CodeIgniter.php(834): CodeIgniter\Router\Router->handle('personnes/\'personnes/ajouter\'')
 3 SYSTEMPATH\CodeIgniter.php(457): CodeIgniter\CodeIgniter->tryToRouteIt(Object(CodeIgniter\Router\RouteCollection))
 4 SYSTEMPATH\CodeIgniter.php(355): CodeIgniter\CodeIgniter->handleRequest(null, Object(Config\Cache), false)
 5 SYSTEMPATH\Boot.php(312): CodeIgniter\CodeIgniter->run()
 6 SYSTEMPATH\Boot.php(67): CodeIgniter\Boot::runCodeIgniter(Object(CodeIgniter\CodeIgniter))
 7 FCPATH\index.php(56): CodeIgniter\Boot::bootWeb(Object(Config\Paths))
 8 SYSTEMPATH\Commands\Server\rewrite.php(49): require_once('C:\\xampp\\htdocs\\project-root\\-connectify\\public\\index.php')
CRITICAL - 2024-05-26 14:26:37 --> ErrorException: Undefined property: CodeIgniter\View\View::$load
[Method: GET, Route: personnes/ajouter]
in APPPATH\Views\personnes\ajouter.php on line 4.
 1 APPPATH\Views\personnes\ajouter.php(4): CodeIgniter\Debug\Exceptions->errorHandler(2, 'Undefined property: CodeIgniter\\View\\View::$load', 'C:\\xampp\\htdocs\\project-root\\-connectify\\app\\Views\\personnes\\ajouter.php', 4)
 2 SYSTEMPATH\View\View.php(234): include('C:\\xampp\\htdocs\\project-root\\-connectify\\app\\Views\\personnes\\ajouter.php')
 3 SYSTEMPATH\View\View.php(237): CodeIgniter\View\View->CodeIgniter\View\{closure}()
 4 SYSTEMPATH\Common.php(1171): CodeIgniter\View\View->render('personnes/ajouter', [], true)
 5 APPPATH\Controllers\Personnes.php(19): view('personnes/ajouter')
 6 SYSTEMPATH\CodeIgniter.php(933): App\Controllers\Personnes->ajouter()
 7 SYSTEMPATH\CodeIgniter.php(509): CodeIgniter\CodeIgniter->runController(Object(App\Controllers\Personnes))
 8 SYSTEMPATH\CodeIgniter.php(355): CodeIgniter\CodeIgniter->handleRequest(null, Object(Config\Cache), false)
 9 SYSTEMPATH\Boot.php(312): CodeIgniter\CodeIgniter->run()
10 SYSTEMPATH\Boot.php(67): CodeIgniter\Boot::runCodeIgniter(Object(CodeIgniter\CodeIgniter))
11 FCPATH\index.php(56): CodeIgniter\Boot::bootWeb(Object(Config\Paths))
12 SYSTEMPATH\Commands\Server\rewrite.php(49): require_once('C:\\xampp\\htdocs\\project-root\\-connectify\\public\\index.php')
CRITICAL - 2024-05-26 14:30:55 --> ErrorException: Undefined property: CodeIgniter\View\View::$load
[Method: GET, Route: personnes/ajouter]
in APPPATH\Views\personnes\ajouter.php on line 53.
 1 APPPATH\Views\personnes\ajouter.php(53): CodeIgniter\Debug\Exceptions->errorHandler(2, 'Undefined property: CodeIgniter\\View\\View::$load', 'C:\\xampp\\htdocs\\project-root\\-connectify\\app\\Views\\personnes\\ajouter.php', 53)
 2 SYSTEMPATH\View\View.php(234): include('C:\\xampp\\htdocs\\project-root\\-connectify\\app\\Views\\personnes\\ajouter.php')
 3 SYSTEMPATH\View\View.php(237): CodeIgniter\View\View->CodeIgniter\View\{closure}()
 4 SYSTEMPATH\Common.php(1171): CodeIgniter\View\View->render('personnes/ajouter', [], true)
 5 APPPATH\Controllers\Personnes.php(19): view('personnes/ajouter')
 6 SYSTEMPATH\CodeIgniter.php(933): App\Controllers\Personnes->ajouter()
 7 SYSTEMPATH\CodeIgniter.php(509): CodeIgniter\CodeIgniter->runController(Object(App\Controllers\Personnes))
 8 SYSTEMPATH\CodeIgniter.php(355): CodeIgniter\CodeIgniter->handleRequest(null, Object(Config\Cache), false)
 9 SYSTEMPATH\Boot.php(312): CodeIgniter\CodeIgniter->run()
10 SYSTEMPATH\Boot.php(67): CodeIgniter\Boot::runCodeIgniter(Object(CodeIgniter\CodeIgniter))
11 FCPATH\index.php(56): CodeIgniter\Boot::bootWeb(Object(Config\Paths))
12 SYSTEMPATH\Commands\Server\rewrite.php(49): require_once('C:\\xampp\\htdocs\\project-root\\-connectify\\public\\index.php')
CRITICAL - 2024-05-26 14:31:00 --> ErrorException: Undefined property: CodeIgniter\View\View::$load
[Method: GET, Route: personnes/ajouter]
in APPPATH\Views\personnes\ajouter.php on line 53.
 1 APPPATH\Views\personnes\ajouter.php(53): CodeIgniter\Debug\Exceptions->errorHandler(2, 'Undefined property: CodeIgniter\\View\\View::$load', 'C:\\xampp\\htdocs\\project-root\\-connectify\\app\\Views\\personnes\\ajouter.php', 53)
 2 SYSTEMPATH\View\View.php(234): include('C:\\xampp\\htdocs\\project-root\\-connectify\\app\\Views\\personnes\\ajouter.php')
 3 SYSTEMPATH\View\View.php(237): CodeIgniter\View\View->CodeIgniter\View\{closure}()
 4 SYSTEMPATH\Common.php(1171): CodeIgniter\View\View->render('personnes/ajouter', [], true)
 5 APPPATH\Controllers\Personnes.php(19): view('personnes/ajouter')
 6 SYSTEMPATH\CodeIgniter.php(933): App\Controllers\Personnes->ajouter()
 7 SYSTEMPATH\CodeIgniter.php(509): CodeIgniter\CodeIgniter->runController(Object(App\Controllers\Personnes))
 8 SYSTEMPATH\CodeIgniter.php(355): CodeIgniter\CodeIgniter->handleRequest(null, Object(Config\Cache), false)
 9 SYSTEMPATH\Boot.php(312): CodeIgniter\CodeIgniter->run()
10 SYSTEMPATH\Boot.php(67): CodeIgniter\Boot::runCodeIgniter(Object(CodeIgniter\CodeIgniter))
11 FCPATH\index.php(56): CodeIgniter\Boot::bootWeb(Object(Config\Paths))
12 SYSTEMPATH\Commands\Server\rewrite.php(49): require_once('C:\\xampp\\htdocs\\project-root\\-connectify\\public\\index.php')
CRITICAL - 2024-05-26 14:50:52 --> ErrorException: Undefined variable $data
[Method: GET, Route: personnes/ajouter]
in APPPATH\Controllers\Personnes.php on line 20.
 1 APPPATH\Controllers\Personnes.php(20): CodeIgniter\Debug\Exceptions->errorHandler(2, 'Undefined variable $data', 'C:\\xampp\\htdocs\\project-root\\-connectify\\app\\Controllers\\Personnes.php', 20)
 2 SYSTEMPATH\CodeIgniter.php(933): App\Controllers\Personnes->ajouter()
 3 SYSTEMPATH\CodeIgniter.php(509): CodeIgniter\CodeIgniter->runController(Object(App\Controllers\Personnes))
 4 SYSTEMPATH\CodeIgniter.php(355): CodeIgniter\CodeIgniter->handleRequest(null, Object(Config\Cache), false)
 5 SYSTEMPATH\Boot.php(312): CodeIgniter\CodeIgniter->run()
 6 SYSTEMPATH\Boot.php(67): CodeIgniter\Boot::runCodeIgniter(Object(CodeIgniter\CodeIgniter))
 7 FCPATH\index.php(56): CodeIgniter\Boot::bootWeb(Object(Config\Paths))
 8 SYSTEMPATH\Commands\Server\rewrite.php(49): require_once('C:\\xampp\\htdocs\\project-root\\-connectify\\public\\index.php')
CRITICAL - 2024-05-26 15:06:43 --> ErrorException: Undefined variable $data
[Method: GET, Route: personnes/ajouter]
in APPPATH\Controllers\Personnes.php on line 20.
 1 APPPATH\Controllers\Personnes.php(20): CodeIgniter\Debug\Exceptions->errorHandler(2, 'Undefined variable $data', 'C:\\xampp\\htdocs\\project-root\\-connectify\\app\\Controllers\\Personnes.php', 20)
 2 SYSTEMPATH\CodeIgniter.php(933): App\Controllers\Personnes->ajouter()
 3 SYSTEMPATH\CodeIgniter.php(509): CodeIgniter\CodeIgniter->runController(Object(App\Controllers\Personnes))
 4 SYSTEMPATH\CodeIgniter.php(355): CodeIgniter\CodeIgniter->handleRequest(null, Object(Config\Cache), false)
 5 SYSTEMPATH\Boot.php(312): CodeIgniter\CodeIgniter->run()
 6 SYSTEMPATH\Boot.php(67): CodeIgniter\Boot::runCodeIgniter(Object(CodeIgniter\CodeIgniter))
 7 FCPATH\index.php(56): CodeIgniter\Boot::bootWeb(Object(Config\Paths))
 8 SYSTEMPATH\Commands\Server\rewrite.php(49): require_once('C:\\xampp\\htdocs\\project-root\\-connectify\\public\\index.php')
CRITICAL - 2024-05-26 15:07:00 --> ErrorException: Undefined variable $data
[Method: GET, Route: personnes/ajouter]
in APPPATH\Controllers\Personnes.php on line 20.
 1 APPPATH\Controllers\Personnes.php(20): CodeIgniter\Debug\Exceptions->errorHandler(2, 'Undefined variable $data', 'C:\\xampp\\htdocs\\project-root\\-connectify\\app\\Controllers\\Personnes.php', 20)
 2 SYSTEMPATH\CodeIgniter.php(933): App\Controllers\Personnes->ajouter()
 3 SYSTEMPATH\CodeIgniter.php(509): CodeIgniter\CodeIgniter->runController(Object(App\Controllers\Personnes))
 4 SYSTEMPATH\CodeIgniter.php(355): CodeIgniter\CodeIgniter->handleRequest(null, Object(Config\Cache), false)
 5 SYSTEMPATH\Boot.php(312): CodeIgniter\CodeIgniter->run()
 6 SYSTEMPATH\Boot.php(67): CodeIgniter\Boot::runCodeIgniter(Object(CodeIgniter\CodeIgniter))
 7 FCPATH\index.php(56): CodeIgniter\Boot::bootWeb(Object(Config\Paths))
 8 SYSTEMPATH\Commands\Server\rewrite.php(49): require_once('C:\\xampp\\htdocs\\project-root\\-connectify\\public\\index.php')
