ERROR - 2024-05-11 18:27:54 --> mysqli_sql_exception: Table 'users' already exists in C:\xampp\htdocs\project-root\-connectify\vendor\codeigniter4\framework\system\Database\MySQLi\Connection.php:308
Stack trace:
#0 C:\xampp\htdocs\project-root\-connectify\vendor\codeigniter4\framework\system\Database\MySQLi\Connection.php(308): mysqli->query('CREATE TABLE `u...', 0)
#1 C:\xampp\htdocs\project-root\-connectify\vendor\codeigniter4\framework\system\Database\BaseConnection.php(722): CodeIgniter\Database\MySQLi\Connection->execute('CREATE TABLE `u...')
#2 C:\xampp\htdocs\project-root\-connectify\vendor\codeigniter4\framework\system\Database\BaseConnection.php(636): CodeIgniter\Database\BaseConnection->simpleQuery('CREATE TABLE `u...')
#3 C:\xampp\htdocs\project-root\-connectify\vendor\codeigniter4\framework\system\Database\Forge.php(570): CodeIgniter\Database\BaseConnection->query('CREATE TABLE `u...')
#4 C:\xampp\htdocs\project-root\-connectify\app\Database\Migrations\2024-05-11-182457_CreateContactUserTable.php(61): CodeIgniter\Database\Forge->createTable('users')
#5 C:\xampp\htdocs\project-root\-connectify\vendor\codeigniter4\framework\system\Database\MigrationRunner.php(867): App\Database\Migrations\CreateContactUserTable->up()
#6 C:\xampp\htdocs\project-root\-connectify\vendor\codeigniter4\framework\system\Database\MigrationRunner.php(183): CodeIgniter\Database\MigrationRunner->migrate('up', Object(stdClass))
#7 C:\xampp\htdocs\project-root\-connectify\vendor\codeigniter4\framework\system\Commands\Database\Migrate.php(85): CodeIgniter\Database\MigrationRunner->latest(NULL)
#8 C:\xampp\htdocs\project-root\-connectify\vendor\codeigniter4\framework\system\CLI\Commands.php(70): CodeIgniter\Commands\Database\Migrate->run(Array)
#9 C:\xampp\htdocs\project-root\-connectify\vendor\codeigniter4\framework\system\CLI\Console.php(48): CodeIgniter\CLI\Commands->run('migrate', Array)
#10 C:\xampp\htdocs\project-root\-connectify\vendor\codeigniter4\framework\system\Boot.php(338): CodeIgniter\CLI\Console->run()
#11 C:\xampp\htdocs\project-root\-connectify\vendor\codeigniter4\framework\system\Boot.php(104): CodeIgniter\Boot::runCommand(Object(CodeIgniter\CLI\Console))
#12 C:\xampp\htdocs\project-root\-connectify\spark(84): CodeIgniter\Boot::bootSpark(Object(Config\Paths))
#13 {main}
ERROR - 2024-05-11 18:28:43 --> mysqli_sql_exception: Table 'users' already exists in C:\xampp\htdocs\project-root\-connectify\vendor\codeigniter4\framework\system\Database\MySQLi\Connection.php:308
Stack trace:
#0 C:\xampp\htdocs\project-root\-connectify\vendor\codeigniter4\framework\system\Database\MySQLi\Connection.php(308): mysqli->query('CREATE TABLE `u...', 0)
#1 C:\xampp\htdocs\project-root\-connectify\vendor\codeigniter4\framework\system\Database\BaseConnection.php(722): CodeIgniter\Database\MySQLi\Connection->execute('CREATE TABLE `u...')
#2 C:\xampp\htdocs\project-root\-connectify\vendor\codeigniter4\framework\system\Database\BaseConnection.php(636): CodeIgniter\Database\BaseConnection->simpleQuery('CREATE TABLE `u...')
#3 C:\xampp\htdocs\project-root\-connectify\vendor\codeigniter4\framework\system\Database\Forge.php(570): CodeIgniter\Database\BaseConnection->query('CREATE TABLE `u...')
#4 C:\xampp\htdocs\project-root\-connectify\app\Database\Migrations\2024-05-11-182457_CreateContactUserTable.php(61): CodeIgniter\Database\Forge->createTable('users')
#5 C:\xampp\htdocs\project-root\-connectify\vendor\codeigniter4\framework\system\Database\MigrationRunner.php(867): App\Database\Migrations\CreateContactUserTable->up()
#6 C:\xampp\htdocs\project-root\-connectify\vendor\codeigniter4\framework\system\Database\MigrationRunner.php(183): CodeIgniter\Database\MigrationRunner->migrate('up', Object(stdClass))
#7 C:\xampp\htdocs\project-root\-connectify\vendor\codeigniter4\framework\system\Commands\Database\Migrate.php(85): CodeIgniter\Database\MigrationRunner->latest(NULL)
#8 C:\xampp\htdocs\project-root\-connectify\vendor\codeigniter4\framework\system\CLI\Commands.php(70): CodeIgniter\Commands\Database\Migrate->run(Array)
#9 C:\xampp\htdocs\project-root\-connectify\vendor\codeigniter4\framework\system\CLI\Console.php(48): CodeIgniter\CLI\Commands->run('migrate', Array)
#10 C:\xampp\htdocs\project-root\-connectify\vendor\codeigniter4\framework\system\Boot.php(338): CodeIgniter\CLI\Console->run()
#11 C:\xampp\htdocs\project-root\-connectify\vendor\codeigniter4\framework\system\Boot.php(104): CodeIgniter\Boot::runCommand(Object(CodeIgniter\CLI\Console))
#12 C:\xampp\htdocs\project-root\-connectify\spark(84): CodeIgniter\Boot::bootSpark(Object(Config\Paths))
#13 {main}
