CRITICAL - 2024-05-24 09:27:23 --> Error: Class "App\Validation\UserRules" not found
[Method: POST, Route: register/save]
in SYSTEMPATH\Validation\Validation.php on line 724.
 1 SYSTEMPATH\Validation\Validation.php(125): CodeIgniter\Validation\Validation->loadRuleSets()
 2 SYSTEMPATH\Config\Services.php(826): CodeIgniter\Validation\Validation->__construct(Object(Config\Validation), Object(CodeIgniter\View\View))
 3 SYSTEMPATH\Config\BaseService.php(311): CodeIgniter\Config\Services::validation(Object(Config\Validation), false)
 4 SYSTEMPATH\Config\BaseService.php(250): CodeIgniter\Config\BaseService::__callStatic('validation', [...])
 5 SYSTEMPATH\Config\Services.php(821): CodeIgniter\Config\BaseService::getSharedInstance('validation', null)
 6 SYSTEMPATH\Config\BaseService.php(320): CodeIgniter\Config\Services::validation()
 7 SYSTEMPATH\Config\BaseService.php(201): CodeIgniter\Config\BaseService::__callStatic('validation', [])
 8 SYSTEMPATH\Common.php(998): CodeIgniter\Config\BaseService::get('validation')
 9 SYSTEMPATH\Controller.php(160): service('validation')
10 SYSTEMPATH\Controller.php(135): CodeIgniter\Controller->setValidator([...], [])
11 APPPATH\Controllers\Register.php(24): CodeIgniter\Controller->validate([...])
12 SYSTEMPATH\CodeIgniter.php(933): App\Controllers\Register->save()
13 SYSTEMPATH\CodeIgniter.php(509): CodeIgniter\CodeIgniter->runController(Object(App\Controllers\Register))
14 SYSTEMPATH\CodeIgniter.php(355): CodeIgniter\CodeIgniter->handleRequest(null, Object(Config\Cache), false)
15 SYSTEMPATH\Boot.php(312): CodeIgniter\CodeIgniter->run()
16 SYSTEMPATH\Boot.php(67): CodeIgniter\Boot::runCodeIgniter(Object(CodeIgniter\CodeIgniter))
17 FCPATH\index.php(56): CodeIgniter\Boot::bootWeb(Object(Config\Paths))
18 SYSTEMPATH\Commands\Server\rewrite.php(49): require_once('C:\\xampp\\htdocs\\project-root\\-connectify\\public\\index.php')
CRITICAL - 2024-05-24 10:34:47 --> Error: Class "App\Models\PersonnesModel" not found
[Method: GET, Route: personnes/liste]
in APPPATH\Controllers\Personnes.php on line 12.
 1 SYSTEMPATH\CodeIgniter.php(933): App\Controllers\Personnes->index()
 2 SYSTEMPATH\CodeIgniter.php(509): CodeIgniter\CodeIgniter->runController(Object(App\Controllers\Personnes))
 3 SYSTEMPATH\CodeIgniter.php(355): CodeIgniter\CodeIgniter->handleRequest(null, Object(Config\Cache), false)
 4 SYSTEMPATH\Boot.php(312): CodeIgniter\CodeIgniter->run()
 5 SYSTEMPATH\Boot.php(67): CodeIgniter\Boot::runCodeIgniter(Object(CodeIgniter\CodeIgniter))
 6 FCPATH\index.php(56): CodeIgniter\Boot::bootWeb(Object(Config\Paths))
 7 SYSTEMPATH\Commands\Server\rewrite.php(49): require_once('C:\\xampp\\htdocs\\project-root\\-connectify\\public\\index.php')
CRITICAL - 2024-05-24 10:36:21 --> Error: Class "App\Models\PersonnesModel" not found
[Method: GET, Route: personnes/liste]
in APPPATH\Controllers\Personnes.php on line 12.
 1 SYSTEMPATH\CodeIgniter.php(933): App\Controllers\Personnes->index()
 2 SYSTEMPATH\CodeIgniter.php(509): CodeIgniter\CodeIgniter->runController(Object(App\Controllers\Personnes))
 3 SYSTEMPATH\CodeIgniter.php(355): CodeIgniter\CodeIgniter->handleRequest(null, Object(Config\Cache), false)
 4 SYSTEMPATH\Boot.php(312): CodeIgniter\CodeIgniter->run()
 5 SYSTEMPATH\Boot.php(67): CodeIgniter\Boot::runCodeIgniter(Object(CodeIgniter\CodeIgniter))
 6 FCPATH\index.php(56): CodeIgniter\Boot::bootWeb(Object(Config\Paths))
 7 SYSTEMPATH\Commands\Server\rewrite.php(49): require_once('C:\\xampp\\htdocs\\project-root\\-connectify\\public\\index.php')
CRITICAL - 2024-05-24 10:36:22 --> Error: Class "App\Models\PersonnesModel" not found
[Method: GET, Route: personnes/liste]
in APPPATH\Controllers\Personnes.php on line 12.
 1 SYSTEMPATH\CodeIgniter.php(933): App\Controllers\Personnes->index()
 2 SYSTEMPATH\CodeIgniter.php(509): CodeIgniter\CodeIgniter->runController(Object(App\Controllers\Personnes))
 3 SYSTEMPATH\CodeIgniter.php(355): CodeIgniter\CodeIgniter->handleRequest(null, Object(Config\Cache), false)
 4 SYSTEMPATH\Boot.php(312): CodeIgniter\CodeIgniter->run()
 5 SYSTEMPATH\Boot.php(67): CodeIgniter\Boot::runCodeIgniter(Object(CodeIgniter\CodeIgniter))
 6 FCPATH\index.php(56): CodeIgniter\Boot::bootWeb(Object(Config\Paths))
 7 SYSTEMPATH\Commands\Server\rewrite.php(49): require_once('C:\\xampp\\htdocs\\project-root\\-connectify\\public\\index.php')
CRITICAL - 2024-05-24 10:37:31 --> ErrorException: Undefined variable $data
[Method: GET, Route: personnes/liste]
in APPPATH\Controllers\Personnes.php on line 13.
 1 APPPATH\Controllers\Personnes.php(13): CodeIgniter\Debug\Exceptions->errorHandler(2, 'Undefined variable $data', 'C:\\xampp\\htdocs\\project-root\\-connectify\\app\\Controllers\\Personnes.php', 13)
 2 SYSTEMPATH\CodeIgniter.php(933): App\Controllers\Personnes->index()
 3 SYSTEMPATH\CodeIgniter.php(509): CodeIgniter\CodeIgniter->runController(Object(App\Controllers\Personnes))
 4 SYSTEMPATH\CodeIgniter.php(355): CodeIgniter\CodeIgniter->handleRequest(null, Object(Config\Cache), false)
 5 SYSTEMPATH\Boot.php(312): CodeIgniter\CodeIgniter->run()
 6 SYSTEMPATH\Boot.php(67): CodeIgniter\Boot::runCodeIgniter(Object(CodeIgniter\CodeIgniter))
 7 FCPATH\index.php(56): CodeIgniter\Boot::bootWeb(Object(Config\Paths))
 8 SYSTEMPATH\Commands\Server\rewrite.php(49): require_once('C:\\xampp\\htdocs\\project-root\\-connectify\\public\\index.php')
CRITICAL - 2024-05-24 10:37:33 --> ErrorException: Undefined variable $data
[Method: GET, Route: personnes/liste]
in APPPATH\Controllers\Personnes.php on line 13.
 1 APPPATH\Controllers\Personnes.php(13): CodeIgniter\Debug\Exceptions->errorHandler(2, 'Undefined variable $data', 'C:\\xampp\\htdocs\\project-root\\-connectify\\app\\Controllers\\Personnes.php', 13)
 2 SYSTEMPATH\CodeIgniter.php(933): App\Controllers\Personnes->index()
 3 SYSTEMPATH\CodeIgniter.php(509): CodeIgniter\CodeIgniter->runController(Object(App\Controllers\Personnes))
 4 SYSTEMPATH\CodeIgniter.php(355): CodeIgniter\CodeIgniter->handleRequest(null, Object(Config\Cache), false)
 5 SYSTEMPATH\Boot.php(312): CodeIgniter\CodeIgniter->run()
 6 SYSTEMPATH\Boot.php(67): CodeIgniter\Boot::runCodeIgniter(Object(CodeIgniter\CodeIgniter))
 7 FCPATH\index.php(56): CodeIgniter\Boot::bootWeb(Object(Config\Paths))
 8 SYSTEMPATH\Commands\Server\rewrite.php(49): require_once('C:\\xampp\\htdocs\\project-root\\-connectify\\public\\index.php')
CRITICAL - 2024-05-24 10:39:34 --> Error: Class "App\Models\PersonnesModel" not found
[Method: GET, Route: personnes/liste]
in APPPATH\Controllers\Personnes.php on line 12.
 1 SYSTEMPATH\CodeIgniter.php(933): App\Controllers\Personnes->index()
 2 SYSTEMPATH\CodeIgniter.php(509): CodeIgniter\CodeIgniter->runController(Object(App\Controllers\Personnes))
 3 SYSTEMPATH\CodeIgniter.php(355): CodeIgniter\CodeIgniter->handleRequest(null, Object(Config\Cache), false)
 4 SYSTEMPATH\Boot.php(312): CodeIgniter\CodeIgniter->run()
 5 SYSTEMPATH\Boot.php(67): CodeIgniter\Boot::runCodeIgniter(Object(CodeIgniter\CodeIgniter))
 6 FCPATH\index.php(56): CodeIgniter\Boot::bootWeb(Object(Config\Paths))
 7 SYSTEMPATH\Commands\Server\rewrite.php(49): require_once('C:\\xampp\\htdocs\\project-root\\-connectify\\public\\index.php')
CRITICAL - 2024-05-24 11:01:16 --> Error: Class "App\Models\PersonnesModel" not found
[Method: GET, Route: personnes/liste]
in APPPATH\Controllers\Personnes.php on line 12.
 1 SYSTEMPATH\CodeIgniter.php(933): App\Controllers\Personnes->index()
 2 SYSTEMPATH\CodeIgniter.php(509): CodeIgniter\CodeIgniter->runController(Object(App\Controllers\Personnes))
 3 SYSTEMPATH\CodeIgniter.php(355): CodeIgniter\CodeIgniter->handleRequest(null, Object(Config\Cache), false)
 4 SYSTEMPATH\Boot.php(312): CodeIgniter\CodeIgniter->run()
 5 SYSTEMPATH\Boot.php(67): CodeIgniter\Boot::runCodeIgniter(Object(CodeIgniter\CodeIgniter))
 6 FCPATH\index.php(56): CodeIgniter\Boot::bootWeb(Object(Config\Paths))
 7 SYSTEMPATH\Commands\Server\rewrite.php(49): require_once('C:\\xampp\\htdocs\\project-root\\-connectify\\public\\index.php')
CRITICAL - 2024-05-24 11:04:05 --> Error: Class "App\Models\PersonnesModel" not found
[Method: GET, Route: personnes/liste]
in APPPATH\Controllers\Personnes.php on line 12.
 1 SYSTEMPATH\CodeIgniter.php(933): App\Controllers\Personnes->index()
 2 SYSTEMPATH\CodeIgniter.php(509): CodeIgniter\CodeIgniter->runController(Object(App\Controllers\Personnes))
 3 SYSTEMPATH\CodeIgniter.php(355): CodeIgniter\CodeIgniter->handleRequest(null, Object(Config\Cache), false)
 4 SYSTEMPATH\Boot.php(312): CodeIgniter\CodeIgniter->run()
 5 SYSTEMPATH\Boot.php(67): CodeIgniter\Boot::runCodeIgniter(Object(CodeIgniter\CodeIgniter))
 6 FCPATH\index.php(56): CodeIgniter\Boot::bootWeb(Object(Config\Paths))
 7 SYSTEMPATH\Commands\Server\rewrite.php(49): require_once('C:\\xampp\\htdocs\\project-root\\-connectify\\public\\index.php')
CRITICAL - 2024-05-24 11:11:54 --> Error: Class "CI_Controller" not found
[Method: GET, Route: personnes/liste]
in APPPATH\Controllers\Personnes.php on line 4.
 1 VENDORPATH\composer\ClassLoader.php(576): include()
 2 VENDORPATH\composer\ClassLoader.php(427): Composer\Autoload\{closure}('C:\\xampp\\htdocs\\project-root\\-connectify\\vendor\\composer/../../app\\Controllers\\Personnes.php')
 3 [internal function]: Composer\Autoload\ClassLoader->loadClass('App\\Controllers\\Personnes')
 4 SYSTEMPATH\CodeIgniter.php(887): class_exists('\\App\\Controllers\\Personnes', true)
 5 SYSTEMPATH\CodeIgniter.php(496): CodeIgniter\CodeIgniter->startController()
 6 SYSTEMPATH\CodeIgniter.php(355): CodeIgniter\CodeIgniter->handleRequest(null, Object(Config\Cache), false)
 7 SYSTEMPATH\Boot.php(312): CodeIgniter\CodeIgniter->run()
 8 SYSTEMPATH\Boot.php(67): CodeIgniter\Boot::runCodeIgniter(Object(CodeIgniter\CodeIgniter))
 9 FCPATH\index.php(56): CodeIgniter\Boot::bootWeb(Object(Config\Paths))
10 SYSTEMPATH\Commands\Server\rewrite.php(49): require_once('C:\\xampp\\htdocs\\project-root\\-connectify\\public\\index.php')
CRITICAL - 2024-05-24 11:12:02 --> Error: Class "CI_Controller" not found
[Method: GET, Route: personnes/liste]
in APPPATH\Controllers\Personnes.php on line 4.
 1 VENDORPATH\composer\ClassLoader.php(576): include()
 2 VENDORPATH\composer\ClassLoader.php(427): Composer\Autoload\{closure}('C:\\xampp\\htdocs\\project-root\\-connectify\\vendor\\composer/../../app\\Controllers\\Personnes.php')
 3 [internal function]: Composer\Autoload\ClassLoader->loadClass('App\\Controllers\\Personnes')
 4 SYSTEMPATH\CodeIgniter.php(887): class_exists('\\App\\Controllers\\Personnes', true)
 5 SYSTEMPATH\CodeIgniter.php(496): CodeIgniter\CodeIgniter->startController()
 6 SYSTEMPATH\CodeIgniter.php(355): CodeIgniter\CodeIgniter->handleRequest(null, Object(Config\Cache), false)
 7 SYSTEMPATH\Boot.php(312): CodeIgniter\CodeIgniter->run()
 8 SYSTEMPATH\Boot.php(67): CodeIgniter\Boot::runCodeIgniter(Object(CodeIgniter\CodeIgniter))
 9 FCPATH\index.php(56): CodeIgniter\Boot::bootWeb(Object(Config\Paths))
10 SYSTEMPATH\Commands\Server\rewrite.php(49): require_once('C:\\xampp\\htdocs\\project-root\\-connectify\\public\\index.php')
CRITICAL - 2024-05-24 11:38:49 --> Error: Class "CI_Controller" not found
[Method: GET, Route: personnes/liste]
in APPPATH\Controllers\Personnes.php on line 4.
 1 VENDORPATH\composer\ClassLoader.php(576): include()
 2 VENDORPATH\composer\ClassLoader.php(427): Composer\Autoload\{closure}('C:\\xampp\\htdocs\\project-root\\-connectify\\vendor\\composer/../../app\\Controllers\\Personnes.php')
 3 [internal function]: Composer\Autoload\ClassLoader->loadClass('App\\Controllers\\Personnes')
 4 SYSTEMPATH\CodeIgniter.php(887): class_exists('\\App\\Controllers\\Personnes', true)
 5 SYSTEMPATH\CodeIgniter.php(496): CodeIgniter\CodeIgniter->startController()
 6 SYSTEMPATH\CodeIgniter.php(355): CodeIgniter\CodeIgniter->handleRequest(null, Object(Config\Cache), false)
 7 SYSTEMPATH\Boot.php(312): CodeIgniter\CodeIgniter->run()
 8 SYSTEMPATH\Boot.php(67): CodeIgniter\Boot::runCodeIgniter(Object(CodeIgniter\CodeIgniter))
 9 FCPATH\index.php(56): CodeIgniter\Boot::bootWeb(Object(Config\Paths))
10 SYSTEMPATH\Commands\Server\rewrite.php(49): require_once('C:\\xampp\\htdocs\\project-root\\-connectify\\public\\index.php')
CRITICAL - 2024-05-24 11:39:12 --> Error: Class "CI_Controller" not found
[Method: GET, Route: personnes/liste]
in APPPATH\Controllers\Personnes.php on line 4.
 1 VENDORPATH\composer\ClassLoader.php(576): include()
 2 VENDORPATH\composer\ClassLoader.php(427): Composer\Autoload\{closure}('C:\\xampp\\htdocs\\project-root\\-connectify\\vendor\\composer/../../app\\Controllers\\Personnes.php')
 3 [internal function]: Composer\Autoload\ClassLoader->loadClass('App\\Controllers\\Personnes')
 4 SYSTEMPATH\CodeIgniter.php(887): class_exists('\\App\\Controllers\\Personnes', true)
 5 SYSTEMPATH\CodeIgniter.php(496): CodeIgniter\CodeIgniter->startController()
 6 SYSTEMPATH\CodeIgniter.php(355): CodeIgniter\CodeIgniter->handleRequest(null, Object(Config\Cache), false)
 7 SYSTEMPATH\Boot.php(312): CodeIgniter\CodeIgniter->run()
 8 SYSTEMPATH\Boot.php(67): CodeIgniter\Boot::runCodeIgniter(Object(CodeIgniter\CodeIgniter))
 9 FCPATH\index.php(56): CodeIgniter\Boot::bootWeb(Object(Config\Paths))
10 SYSTEMPATH\Commands\Server\rewrite.php(49): require_once('C:\\xampp\\htdocs\\project-root\\-connectify\\public\\index.php')
CRITICAL - 2024-05-24 11:39:13 --> Error: Class "CI_Controller" not found
[Method: GET, Route: personnes/liste]
in APPPATH\Controllers\Personnes.php on line 4.
 1 VENDORPATH\composer\ClassLoader.php(576): include()
 2 VENDORPATH\composer\ClassLoader.php(427): Composer\Autoload\{closure}('C:\\xampp\\htdocs\\project-root\\-connectify\\vendor\\composer/../../app\\Controllers\\Personnes.php')
 3 [internal function]: Composer\Autoload\ClassLoader->loadClass('App\\Controllers\\Personnes')
 4 SYSTEMPATH\CodeIgniter.php(887): class_exists('\\App\\Controllers\\Personnes', true)
 5 SYSTEMPATH\CodeIgniter.php(496): CodeIgniter\CodeIgniter->startController()
 6 SYSTEMPATH\CodeIgniter.php(355): CodeIgniter\CodeIgniter->handleRequest(null, Object(Config\Cache), false)
 7 SYSTEMPATH\Boot.php(312): CodeIgniter\CodeIgniter->run()
 8 SYSTEMPATH\Boot.php(67): CodeIgniter\Boot::runCodeIgniter(Object(CodeIgniter\CodeIgniter))
 9 FCPATH\index.php(56): CodeIgniter\Boot::bootWeb(Object(Config\Paths))
10 SYSTEMPATH\Commands\Server\rewrite.php(49): require_once('C:\\xampp\\htdocs\\project-root\\-connectify\\public\\index.php')
CRITICAL - 2024-05-24 11:39:19 --> Error: Class "CI_Controller" not found
[Method: GET, Route: personnes/liste]
in APPPATH\Controllers\Personnes.php on line 4.
 1 VENDORPATH\composer\ClassLoader.php(576): include()
 2 VENDORPATH\composer\ClassLoader.php(427): Composer\Autoload\{closure}('C:\\xampp\\htdocs\\project-root\\-connectify\\vendor\\composer/../../app\\Controllers\\Personnes.php')
 3 [internal function]: Composer\Autoload\ClassLoader->loadClass('App\\Controllers\\Personnes')
 4 SYSTEMPATH\CodeIgniter.php(887): class_exists('\\App\\Controllers\\Personnes', true)
 5 SYSTEMPATH\CodeIgniter.php(496): CodeIgniter\CodeIgniter->startController()
 6 SYSTEMPATH\CodeIgniter.php(355): CodeIgniter\CodeIgniter->handleRequest(null, Object(Config\Cache), false)
 7 SYSTEMPATH\Boot.php(312): CodeIgniter\CodeIgniter->run()
 8 SYSTEMPATH\Boot.php(67): CodeIgniter\Boot::runCodeIgniter(Object(CodeIgniter\CodeIgniter))
 9 FCPATH\index.php(56): CodeIgniter\Boot::bootWeb(Object(Config\Paths))
10 SYSTEMPATH\Commands\Server\rewrite.php(49): require_once('C:\\xampp\\htdocs\\project-root\\-connectify\\public\\index.php')
CRITICAL - 2024-05-24 11:46:50 --> ErrorException: Undefined variable $personne
[Method: GET, Route: personnes/liste]
in APPPATH\Views\includes\header.php on line 3.
 1 APPPATH\Views\includes\header.php(3): CodeIgniter\Debug\Exceptions->errorHandler(2, 'Undefined variable $personne', 'C:\\xampp\\htdocs\\project-root\\-connectify\\app\\Views\\includes\\header.php', 3)
 2 SYSTEMPATH\View\View.php(234): include('C:\\xampp\\htdocs\\project-root\\-connectify\\app\\Views\\includes\\header.php')
 3 SYSTEMPATH\View\View.php(237): CodeIgniter\View\View->CodeIgniter\View\{closure}()
 4 SYSTEMPATH\Common.php(1171): CodeIgniter\View\View->render('includes/header', [], true)
 5 APPPATH\Views\personnes\liste.php(4): view('includes/header')
 6 SYSTEMPATH\View\View.php(234): include('C:\\xampp\\htdocs\\project-root\\-connectify\\app\\Views\\personnes\\liste.php')
 7 SYSTEMPATH\View\View.php(237): CodeIgniter\View\View->CodeIgniter\View\{closure}()
 8 SYSTEMPATH\Common.php(1171): CodeIgniter\View\View->render('personnes/liste', [], true)
 9 APPPATH\Controllers\Personnes.php(14): view('personnes/liste')
10 SYSTEMPATH\CodeIgniter.php(933): App\Controllers\Personnes->index()
11 SYSTEMPATH\CodeIgniter.php(509): CodeIgniter\CodeIgniter->runController(Object(App\Controllers\Personnes))
12 SYSTEMPATH\CodeIgniter.php(355): CodeIgniter\CodeIgniter->handleRequest(null, Object(Config\Cache), false)
13 SYSTEMPATH\Boot.php(312): CodeIgniter\CodeIgniter->run()
14 SYSTEMPATH\Boot.php(67): CodeIgniter\Boot::runCodeIgniter(Object(CodeIgniter\CodeIgniter))
15 FCPATH\index.php(56): CodeIgniter\Boot::bootWeb(Object(Config\Paths))
16 SYSTEMPATH\Commands\Server\rewrite.php(49): require_once('C:\\xampp\\htdocs\\project-root\\-connectify\\public\\index.php')
CRITICAL - 2024-05-24 11:46:58 --> ErrorException: Undefined variable $personne
[Method: GET, Route: personnes/liste]
in APPPATH\Views\includes\header.php on line 3.
 1 APPPATH\Views\includes\header.php(3): CodeIgniter\Debug\Exceptions->errorHandler(2, 'Undefined variable $personne', 'C:\\xampp\\htdocs\\project-root\\-connectify\\app\\Views\\includes\\header.php', 3)
 2 SYSTEMPATH\View\View.php(234): include('C:\\xampp\\htdocs\\project-root\\-connectify\\app\\Views\\includes\\header.php')
 3 SYSTEMPATH\View\View.php(237): CodeIgniter\View\View->CodeIgniter\View\{closure}()
 4 SYSTEMPATH\Common.php(1171): CodeIgniter\View\View->render('includes/header', [], true)
 5 APPPATH\Views\personnes\liste.php(4): view('includes/header')
 6 SYSTEMPATH\View\View.php(234): include('C:\\xampp\\htdocs\\project-root\\-connectify\\app\\Views\\personnes\\liste.php')
 7 SYSTEMPATH\View\View.php(237): CodeIgniter\View\View->CodeIgniter\View\{closure}()
 8 SYSTEMPATH\Common.php(1171): CodeIgniter\View\View->render('personnes/liste', [], true)
 9 APPPATH\Controllers\Personnes.php(14): view('personnes/liste')
10 SYSTEMPATH\CodeIgniter.php(933): App\Controllers\Personnes->index()
11 SYSTEMPATH\CodeIgniter.php(509): CodeIgniter\CodeIgniter->runController(Object(App\Controllers\Personnes))
12 SYSTEMPATH\CodeIgniter.php(355): CodeIgniter\CodeIgniter->handleRequest(null, Object(Config\Cache), false)
13 SYSTEMPATH\Boot.php(312): CodeIgniter\CodeIgniter->run()
14 SYSTEMPATH\Boot.php(67): CodeIgniter\Boot::runCodeIgniter(Object(CodeIgniter\CodeIgniter))
15 FCPATH\index.php(56): CodeIgniter\Boot::bootWeb(Object(Config\Paths))
16 SYSTEMPATH\Commands\Server\rewrite.php(49): require_once('C:\\xampp\\htdocs\\project-root\\-connectify\\public\\index.php')
CRITICAL - 2024-05-24 12:23:11 --> ErrorException: Undefined variable $personne
[Method: GET, Route: personnes/liste]
in APPPATH\Views\includes\header.php on line 3.
 1 APPPATH\Views\includes\header.php(3): CodeIgniter\Debug\Exceptions->errorHandler(2, 'Undefined variable $personne', 'C:\\xampp\\htdocs\\project-root\\-connectify\\app\\Views\\includes\\header.php', 3)
 2 SYSTEMPATH\View\View.php(234): include('C:\\xampp\\htdocs\\project-root\\-connectify\\app\\Views\\includes\\header.php')
 3 SYSTEMPATH\View\View.php(237): CodeIgniter\View\View->CodeIgniter\View\{closure}()
 4 SYSTEMPATH\Common.php(1171): CodeIgniter\View\View->render('includes/header', [], true)
 5 APPPATH\Views\personnes\liste.php(4): view('includes/header')
 6 SYSTEMPATH\View\View.php(234): include('C:\\xampp\\htdocs\\project-root\\-connectify\\app\\Views\\personnes\\liste.php')
 7 SYSTEMPATH\View\View.php(237): CodeIgniter\View\View->CodeIgniter\View\{closure}()
 8 SYSTEMPATH\Common.php(1171): CodeIgniter\View\View->render('personnes/liste', [], true)
 9 APPPATH\Controllers\Personnes.php(14): view('personnes/liste')
10 SYSTEMPATH\CodeIgniter.php(933): App\Controllers\Personnes->index()
11 SYSTEMPATH\CodeIgniter.php(509): CodeIgniter\CodeIgniter->runController(Object(App\Controllers\Personnes))
12 SYSTEMPATH\CodeIgniter.php(355): CodeIgniter\CodeIgniter->handleRequest(null, Object(Config\Cache), false)
13 SYSTEMPATH\Boot.php(312): CodeIgniter\CodeIgniter->run()
14 SYSTEMPATH\Boot.php(67): CodeIgniter\Boot::runCodeIgniter(Object(CodeIgniter\CodeIgniter))
15 FCPATH\index.php(56): CodeIgniter\Boot::bootWeb(Object(Config\Paths))
16 SYSTEMPATH\Commands\Server\rewrite.php(49): require_once('C:\\xampp\\htdocs\\project-root\\-connectify\\public\\index.php')
CRITICAL - 2024-05-24 12:26:29 --> ErrorException: Undefined variable $personne
[Method: GET, Route: personnes/liste]
in APPPATH\Views\includes\header.php on line 3.
 1 APPPATH\Views\includes\header.php(3): CodeIgniter\Debug\Exceptions->errorHandler(2, 'Undefined variable $personne', 'C:\\xampp\\htdocs\\project-root\\-connectify\\app\\Views\\includes\\header.php', 3)
 2 SYSTEMPATH\View\View.php(234): include('C:\\xampp\\htdocs\\project-root\\-connectify\\app\\Views\\includes\\header.php')
 3 SYSTEMPATH\View\View.php(237): CodeIgniter\View\View->CodeIgniter\View\{closure}()
 4 SYSTEMPATH\Common.php(1171): CodeIgniter\View\View->render('includes/header', [], true)
 5 APPPATH\Views\personnes\liste.php(3): view('includes/header')
 6 SYSTEMPATH\View\View.php(234): include('C:\\xampp\\htdocs\\project-root\\-connectify\\app\\Views\\personnes\\liste.php')
 7 SYSTEMPATH\View\View.php(237): CodeIgniter\View\View->CodeIgniter\View\{closure}()
 8 SYSTEMPATH\Common.php(1171): CodeIgniter\View\View->render('personnes/liste', [], true)
 9 APPPATH\Controllers\Personnes.php(14): view('personnes/liste')
10 SYSTEMPATH\CodeIgniter.php(933): App\Controllers\Personnes->index()
11 SYSTEMPATH\CodeIgniter.php(509): CodeIgniter\CodeIgniter->runController(Object(App\Controllers\Personnes))
12 SYSTEMPATH\CodeIgniter.php(355): CodeIgniter\CodeIgniter->handleRequest(null, Object(Config\Cache), false)
13 SYSTEMPATH\Boot.php(312): CodeIgniter\CodeIgniter->run()
14 SYSTEMPATH\Boot.php(67): CodeIgniter\Boot::runCodeIgniter(Object(CodeIgniter\CodeIgniter))
15 FCPATH\index.php(56): CodeIgniter\Boot::bootWeb(Object(Config\Paths))
16 SYSTEMPATH\Commands\Server\rewrite.php(49): require_once('C:\\xampp\\htdocs\\project-root\\-connectify\\public\\index.php')
CRITICAL - 2024-05-24 12:26:30 --> ErrorException: Undefined variable $personne
[Method: GET, Route: personnes/liste]
in APPPATH\Views\includes\header.php on line 3.
 1 APPPATH\Views\includes\header.php(3): CodeIgniter\Debug\Exceptions->errorHandler(2, 'Undefined variable $personne', 'C:\\xampp\\htdocs\\project-root\\-connectify\\app\\Views\\includes\\header.php', 3)
 2 SYSTEMPATH\View\View.php(234): include('C:\\xampp\\htdocs\\project-root\\-connectify\\app\\Views\\includes\\header.php')
 3 SYSTEMPATH\View\View.php(237): CodeIgniter\View\View->CodeIgniter\View\{closure}()
 4 SYSTEMPATH\Common.php(1171): CodeIgniter\View\View->render('includes/header', [], true)
 5 APPPATH\Views\personnes\liste.php(3): view('includes/header')
 6 SYSTEMPATH\View\View.php(234): include('C:\\xampp\\htdocs\\project-root\\-connectify\\app\\Views\\personnes\\liste.php')
 7 SYSTEMPATH\View\View.php(237): CodeIgniter\View\View->CodeIgniter\View\{closure}()
 8 SYSTEMPATH\Common.php(1171): CodeIgniter\View\View->render('personnes/liste', [], true)
 9 APPPATH\Controllers\Personnes.php(14): view('personnes/liste')
10 SYSTEMPATH\CodeIgniter.php(933): App\Controllers\Personnes->index()
11 SYSTEMPATH\CodeIgniter.php(509): CodeIgniter\CodeIgniter->runController(Object(App\Controllers\Personnes))
12 SYSTEMPATH\CodeIgniter.php(355): CodeIgniter\CodeIgniter->handleRequest(null, Object(Config\Cache), false)
13 SYSTEMPATH\Boot.php(312): CodeIgniter\CodeIgniter->run()
14 SYSTEMPATH\Boot.php(67): CodeIgniter\Boot::runCodeIgniter(Object(CodeIgniter\CodeIgniter))
15 FCPATH\index.php(56): CodeIgniter\Boot::bootWeb(Object(Config\Paths))
16 SYSTEMPATH\Commands\Server\rewrite.php(49): require_once('C:\\xampp\\htdocs\\project-root\\-connectify\\public\\index.php')
CRITICAL - 2024-05-24 12:26:43 --> ErrorException: Undefined variable $personne
[Method: GET, Route: personnes/liste]
in APPPATH\Views\includes\header.php on line 3.
 1 APPPATH\Views\includes\header.php(3): CodeIgniter\Debug\Exceptions->errorHandler(2, 'Undefined variable $personne', 'C:\\xampp\\htdocs\\project-root\\-connectify\\app\\Views\\includes\\header.php', 3)
 2 SYSTEMPATH\View\View.php(234): include('C:\\xampp\\htdocs\\project-root\\-connectify\\app\\Views\\includes\\header.php')
 3 SYSTEMPATH\View\View.php(237): CodeIgniter\View\View->CodeIgniter\View\{closure}()
 4 SYSTEMPATH\Common.php(1171): CodeIgniter\View\View->render('includes/header', [], true)
 5 APPPATH\Views\personnes\liste.php(3): view('includes/header')
 6 SYSTEMPATH\View\View.php(234): include('C:\\xampp\\htdocs\\project-root\\-connectify\\app\\Views\\personnes\\liste.php')
 7 SYSTEMPATH\View\View.php(237): CodeIgniter\View\View->CodeIgniter\View\{closure}()
 8 SYSTEMPATH\Common.php(1171): CodeIgniter\View\View->render('personnes/liste', [], true)
 9 APPPATH\Controllers\Personnes.php(14): view('personnes/liste')
10 SYSTEMPATH\CodeIgniter.php(933): App\Controllers\Personnes->index()
11 SYSTEMPATH\CodeIgniter.php(509): CodeIgniter\CodeIgniter->runController(Object(App\Controllers\Personnes))
12 SYSTEMPATH\CodeIgniter.php(355): CodeIgniter\CodeIgniter->handleRequest(null, Object(Config\Cache), false)
13 SYSTEMPATH\Boot.php(312): CodeIgniter\CodeIgniter->run()
14 SYSTEMPATH\Boot.php(67): CodeIgniter\Boot::runCodeIgniter(Object(CodeIgniter\CodeIgniter))
15 FCPATH\index.php(56): CodeIgniter\Boot::bootWeb(Object(Config\Paths))
16 SYSTEMPATH\Commands\Server\rewrite.php(49): require_once('C:\\xampp\\htdocs\\project-root\\-connectify\\public\\index.php')
CRITICAL - 2024-05-24 12:27:53 --> ErrorException: Undefined variable $personne
[Method: GET, Route: liste]
in APPPATH\Views\includes\header.php on line 3.
 1 APPPATH\Views\includes\header.php(3): CodeIgniter\Debug\Exceptions->errorHandler(2, 'Undefined variable $personne', 'C:\\xampp\\htdocs\\project-root\\-connectify\\app\\Views\\includes\\header.php', 3)
 2 SYSTEMPATH\View\View.php(234): include('C:\\xampp\\htdocs\\project-root\\-connectify\\app\\Views\\includes\\header.php')
 3 SYSTEMPATH\View\View.php(237): CodeIgniter\View\View->CodeIgniter\View\{closure}()
 4 SYSTEMPATH\Common.php(1171): CodeIgniter\View\View->render('includes/header', [], true)
 5 APPPATH\Views\liste.php(3): view('includes/header')
 6 SYSTEMPATH\View\View.php(234): include('C:\\xampp\\htdocs\\project-root\\-connectify\\app\\Views\\liste.php')
 7 SYSTEMPATH\View\View.php(237): CodeIgniter\View\View->CodeIgniter\View\{closure}()
 8 SYSTEMPATH\Common.php(1171): CodeIgniter\View\View->render('liste', [], true)
 9 APPPATH\Controllers\Personnes.php(14): view('liste')
10 SYSTEMPATH\CodeIgniter.php(933): App\Controllers\Personnes->index()
11 SYSTEMPATH\CodeIgniter.php(509): CodeIgniter\CodeIgniter->runController(Object(App\Controllers\Personnes))
12 SYSTEMPATH\CodeIgniter.php(355): CodeIgniter\CodeIgniter->handleRequest(null, Object(Config\Cache), false)
13 SYSTEMPATH\Boot.php(312): CodeIgniter\CodeIgniter->run()
14 SYSTEMPATH\Boot.php(67): CodeIgniter\Boot::runCodeIgniter(Object(CodeIgniter\CodeIgniter))
15 FCPATH\index.php(56): CodeIgniter\Boot::bootWeb(Object(Config\Paths))
16 SYSTEMPATH\Commands\Server\rewrite.php(49): require_once('C:\\xampp\\htdocs\\project-root\\-connectify\\public\\index.php')
CRITICAL - 2024-05-24 12:27:58 --> ErrorException: Undefined variable $personne
[Method: GET, Route: liste]
in APPPATH\Views\includes\header.php on line 3.
 1 APPPATH\Views\includes\header.php(3): CodeIgniter\Debug\Exceptions->errorHandler(2, 'Undefined variable $personne', 'C:\\xampp\\htdocs\\project-root\\-connectify\\app\\Views\\includes\\header.php', 3)
 2 SYSTEMPATH\View\View.php(234): include('C:\\xampp\\htdocs\\project-root\\-connectify\\app\\Views\\includes\\header.php')
 3 SYSTEMPATH\View\View.php(237): CodeIgniter\View\View->CodeIgniter\View\{closure}()
 4 SYSTEMPATH\Common.php(1171): CodeIgniter\View\View->render('includes/header', [], true)
 5 APPPATH\Views\liste.php(3): view('includes/header')
 6 SYSTEMPATH\View\View.php(234): include('C:\\xampp\\htdocs\\project-root\\-connectify\\app\\Views\\liste.php')
 7 SYSTEMPATH\View\View.php(237): CodeIgniter\View\View->CodeIgniter\View\{closure}()
 8 SYSTEMPATH\Common.php(1171): CodeIgniter\View\View->render('liste', [], true)
 9 APPPATH\Controllers\Personnes.php(14): view('liste')
10 SYSTEMPATH\CodeIgniter.php(933): App\Controllers\Personnes->index()
11 SYSTEMPATH\CodeIgniter.php(509): CodeIgniter\CodeIgniter->runController(Object(App\Controllers\Personnes))
12 SYSTEMPATH\CodeIgniter.php(355): CodeIgniter\CodeIgniter->handleRequest(null, Object(Config\Cache), false)
13 SYSTEMPATH\Boot.php(312): CodeIgniter\CodeIgniter->run()
14 SYSTEMPATH\Boot.php(67): CodeIgniter\Boot::runCodeIgniter(Object(CodeIgniter\CodeIgniter))
15 FCPATH\index.php(56): CodeIgniter\Boot::bootWeb(Object(Config\Paths))
16 SYSTEMPATH\Commands\Server\rewrite.php(49): require_once('C:\\xampp\\htdocs\\project-root\\-connectify\\public\\index.php')
CRITICAL - 2024-05-24 12:39:04 --> ErrorException: Undefined variable $personne
[Method: GET, Route: personnes/liste]
in APPPATH\Views\includes\header.php on line 3.
 1 APPPATH\Views\includes\header.php(3): CodeIgniter\Debug\Exceptions->errorHandler(2, 'Undefined variable $personne', 'C:\\xampp\\htdocs\\project-root\\-connectify\\app\\Views\\includes\\header.php', 3)
 2 SYSTEMPATH\View\View.php(234): include('C:\\xampp\\htdocs\\project-root\\-connectify\\app\\Views\\includes\\header.php')
 3 SYSTEMPATH\View\View.php(237): CodeIgniter\View\View->CodeIgniter\View\{closure}()
 4 SYSTEMPATH\Common.php(1171): CodeIgniter\View\View->render('includes/header', [], true)
 5 APPPATH\Views\personnes\liste.php(3): view('includes/header')
 6 SYSTEMPATH\View\View.php(234): include('C:\\xampp\\htdocs\\project-root\\-connectify\\app\\Views\\personnes\\liste.php')
 7 SYSTEMPATH\View\View.php(237): CodeIgniter\View\View->CodeIgniter\View\{closure}()
 8 SYSTEMPATH\Common.php(1171): CodeIgniter\View\View->render('/personnes/liste', [], true)
 9 APPPATH\Controllers\Personnes.php(14): view('/personnes/liste')
10 SYSTEMPATH\CodeIgniter.php(933): App\Controllers\Personnes->index()
11 SYSTEMPATH\CodeIgniter.php(509): CodeIgniter\CodeIgniter->runController(Object(App\Controllers\Personnes))
12 SYSTEMPATH\CodeIgniter.php(355): CodeIgniter\CodeIgniter->handleRequest(null, Object(Config\Cache), false)
13 SYSTEMPATH\Boot.php(312): CodeIgniter\CodeIgniter->run()
14 SYSTEMPATH\Boot.php(67): CodeIgniter\Boot::runCodeIgniter(Object(CodeIgniter\CodeIgniter))
15 FCPATH\index.php(56): CodeIgniter\Boot::bootWeb(Object(Config\Paths))
16 SYSTEMPATH\Commands\Server\rewrite.php(49): require_once('C:\\xampp\\htdocs\\project-root\\-connectify\\public\\index.php')
CRITICAL - 2024-05-24 12:39:36 --> ErrorException: Undefined variable $personne
[Method: GET, Route: personnes/liste]
in APPPATH\Views\includes\header.php on line 3.
 1 APPPATH\Views\includes\header.php(3): CodeIgniter\Debug\Exceptions->errorHandler(2, 'Undefined variable $personne', 'C:\\xampp\\htdocs\\project-root\\-connectify\\app\\Views\\includes\\header.php', 3)
 2 SYSTEMPATH\View\View.php(234): include('C:\\xampp\\htdocs\\project-root\\-connectify\\app\\Views\\includes\\header.php')
 3 SYSTEMPATH\View\View.php(237): CodeIgniter\View\View->CodeIgniter\View\{closure}()
 4 SYSTEMPATH\Common.php(1171): CodeIgniter\View\View->render('includes/header', [], true)
 5 APPPATH\Views\personnes\liste.php(3): view('includes/header')
 6 SYSTEMPATH\View\View.php(234): include('C:\\xampp\\htdocs\\project-root\\-connectify\\app\\Views\\personnes\\liste.php')
 7 SYSTEMPATH\View\View.php(237): CodeIgniter\View\View->CodeIgniter\View\{closure}()
 8 SYSTEMPATH\Common.php(1171): CodeIgniter\View\View->render('personnes/liste', [], true)
 9 APPPATH\Controllers\Personnes.php(13): view('personnes/liste')
10 SYSTEMPATH\CodeIgniter.php(933): App\Controllers\Personnes->index()
11 SYSTEMPATH\CodeIgniter.php(509): CodeIgniter\CodeIgniter->runController(Object(App\Controllers\Personnes))
12 SYSTEMPATH\CodeIgniter.php(355): CodeIgniter\CodeIgniter->handleRequest(null, Object(Config\Cache), false)
13 SYSTEMPATH\Boot.php(312): CodeIgniter\CodeIgniter->run()
14 SYSTEMPATH\Boot.php(67): CodeIgniter\Boot::runCodeIgniter(Object(CodeIgniter\CodeIgniter))
15 FCPATH\index.php(56): CodeIgniter\Boot::bootWeb(Object(Config\Paths))
16 SYSTEMPATH\Commands\Server\rewrite.php(49): require_once('C:\\xampp\\htdocs\\project-root\\-connectify\\public\\index.php')
CRITICAL - 2024-05-24 12:39:37 --> ErrorException: Undefined variable $personne
[Method: GET, Route: personnes/liste]
in APPPATH\Views\includes\header.php on line 3.
 1 APPPATH\Views\includes\header.php(3): CodeIgniter\Debug\Exceptions->errorHandler(2, 'Undefined variable $personne', 'C:\\xampp\\htdocs\\project-root\\-connectify\\app\\Views\\includes\\header.php', 3)
 2 SYSTEMPATH\View\View.php(234): include('C:\\xampp\\htdocs\\project-root\\-connectify\\app\\Views\\includes\\header.php')
 3 SYSTEMPATH\View\View.php(237): CodeIgniter\View\View->CodeIgniter\View\{closure}()
 4 SYSTEMPATH\Common.php(1171): CodeIgniter\View\View->render('includes/header', [], true)
 5 APPPATH\Views\personnes\liste.php(3): view('includes/header')
 6 SYSTEMPATH\View\View.php(234): include('C:\\xampp\\htdocs\\project-root\\-connectify\\app\\Views\\personnes\\liste.php')
 7 SYSTEMPATH\View\View.php(237): CodeIgniter\View\View->CodeIgniter\View\{closure}()
 8 SYSTEMPATH\Common.php(1171): CodeIgniter\View\View->render('personnes/liste', [], true)
 9 APPPATH\Controllers\Personnes.php(13): view('personnes/liste')
10 SYSTEMPATH\CodeIgniter.php(933): App\Controllers\Personnes->index()
11 SYSTEMPATH\CodeIgniter.php(509): CodeIgniter\CodeIgniter->runController(Object(App\Controllers\Personnes))
12 SYSTEMPATH\CodeIgniter.php(355): CodeIgniter\CodeIgniter->handleRequest(null, Object(Config\Cache), false)
13 SYSTEMPATH\Boot.php(312): CodeIgniter\CodeIgniter->run()
14 SYSTEMPATH\Boot.php(67): CodeIgniter\Boot::runCodeIgniter(Object(CodeIgniter\CodeIgniter))
15 FCPATH\index.php(56): CodeIgniter\Boot::bootWeb(Object(Config\Paths))
16 SYSTEMPATH\Commands\Server\rewrite.php(49): require_once('C:\\xampp\\htdocs\\project-root\\-connectify\\public\\index.php')
CRITICAL - 2024-05-24 12:41:14 --> ErrorException: Undefined variable $contact
[Method: GET, Route: personnes/liste]
in APPPATH\Controllers\Personnes.php on line 13.
 1 APPPATH\Controllers\Personnes.php(13): CodeIgniter\Debug\Exceptions->errorHandler(2, 'Undefined variable $contact', 'C:\\xampp\\htdocs\\project-root\\-connectify\\app\\Controllers\\Personnes.php', 13)
 2 SYSTEMPATH\CodeIgniter.php(933): App\Controllers\Personnes->index()
 3 SYSTEMPATH\CodeIgniter.php(509): CodeIgniter\CodeIgniter->runController(Object(App\Controllers\Personnes))
 4 SYSTEMPATH\CodeIgniter.php(355): CodeIgniter\CodeIgniter->handleRequest(null, Object(Config\Cache), false)
 5 SYSTEMPATH\Boot.php(312): CodeIgniter\CodeIgniter->run()
 6 SYSTEMPATH\Boot.php(67): CodeIgniter\Boot::runCodeIgniter(Object(CodeIgniter\CodeIgniter))
 7 FCPATH\index.php(56): CodeIgniter\Boot::bootWeb(Object(Config\Paths))
 8 SYSTEMPATH\Commands\Server\rewrite.php(49): require_once('C:\\xampp\\htdocs\\project-root\\-connectify\\public\\index.php')
CRITICAL - 2024-05-24 12:41:15 --> ErrorException: Undefined variable $contact
[Method: GET, Route: personnes/liste]
in APPPATH\Controllers\Personnes.php on line 13.
 1 APPPATH\Controllers\Personnes.php(13): CodeIgniter\Debug\Exceptions->errorHandler(2, 'Undefined variable $contact', 'C:\\xampp\\htdocs\\project-root\\-connectify\\app\\Controllers\\Personnes.php', 13)
 2 SYSTEMPATH\CodeIgniter.php(933): App\Controllers\Personnes->index()
 3 SYSTEMPATH\CodeIgniter.php(509): CodeIgniter\CodeIgniter->runController(Object(App\Controllers\Personnes))
 4 SYSTEMPATH\CodeIgniter.php(355): CodeIgniter\CodeIgniter->handleRequest(null, Object(Config\Cache), false)
 5 SYSTEMPATH\Boot.php(312): CodeIgniter\CodeIgniter->run()
 6 SYSTEMPATH\Boot.php(67): CodeIgniter\Boot::runCodeIgniter(Object(CodeIgniter\CodeIgniter))
 7 FCPATH\index.php(56): CodeIgniter\Boot::bootWeb(Object(Config\Paths))
 8 SYSTEMPATH\Commands\Server\rewrite.php(49): require_once('C:\\xampp\\htdocs\\project-root\\-connectify\\public\\index.php')
CRITICAL - 2024-05-24 12:41:56 --> ErrorException: Undefined variable $personne
[Method: GET, Route: personnes/liste]
in APPPATH\Views\includes\header.php on line 3.
 1 APPPATH\Views\includes\header.php(3): CodeIgniter\Debug\Exceptions->errorHandler(2, 'Undefined variable $personne', 'C:\\xampp\\htdocs\\project-root\\-connectify\\app\\Views\\includes\\header.php', 3)
 2 SYSTEMPATH\View\View.php(234): include('C:\\xampp\\htdocs\\project-root\\-connectify\\app\\Views\\includes\\header.php')
 3 SYSTEMPATH\View\View.php(237): CodeIgniter\View\View->CodeIgniter\View\{closure}()
 4 SYSTEMPATH\Common.php(1171): CodeIgniter\View\View->render('includes/header', [], true)
 5 APPPATH\Views\personnes\liste.php(3): view('includes/header')
 6 SYSTEMPATH\View\View.php(234): include('C:\\xampp\\htdocs\\project-root\\-connectify\\app\\Views\\personnes\\liste.php')
 7 SYSTEMPATH\View\View.php(237): CodeIgniter\View\View->CodeIgniter\View\{closure}()
 8 SYSTEMPATH\Common.php(1171): CodeIgniter\View\View->render('personnes/liste', [], true)
 9 APPPATH\Controllers\Personnes.php(13): view('personnes/liste')
10 SYSTEMPATH\CodeIgniter.php(933): App\Controllers\Personnes->liste()
11 SYSTEMPATH\CodeIgniter.php(509): CodeIgniter\CodeIgniter->runController(Object(App\Controllers\Personnes))
12 SYSTEMPATH\CodeIgniter.php(355): CodeIgniter\CodeIgniter->handleRequest(null, Object(Config\Cache), false)
13 SYSTEMPATH\Boot.php(312): CodeIgniter\CodeIgniter->run()
14 SYSTEMPATH\Boot.php(67): CodeIgniter\Boot::runCodeIgniter(Object(CodeIgniter\CodeIgniter))
15 FCPATH\index.php(56): CodeIgniter\Boot::bootWeb(Object(Config\Paths))
16 SYSTEMPATH\Commands\Server\rewrite.php(49): require_once('C:\\xampp\\htdocs\\project-root\\-connectify\\public\\index.php')
CRITICAL - 2024-05-24 12:42:03 --> ErrorException: Undefined variable $personne
[Method: GET, Route: personnes/liste]
in APPPATH\Views\includes\header.php on line 3.
 1 APPPATH\Views\includes\header.php(3): CodeIgniter\Debug\Exceptions->errorHandler(2, 'Undefined variable $personne', 'C:\\xampp\\htdocs\\project-root\\-connectify\\app\\Views\\includes\\header.php', 3)
 2 SYSTEMPATH\View\View.php(234): include('C:\\xampp\\htdocs\\project-root\\-connectify\\app\\Views\\includes\\header.php')
 3 SYSTEMPATH\View\View.php(237): CodeIgniter\View\View->CodeIgniter\View\{closure}()
 4 SYSTEMPATH\Common.php(1171): CodeIgniter\View\View->render('includes/header', [], true)
 5 APPPATH\Views\personnes\liste.php(3): view('includes/header')
 6 SYSTEMPATH\View\View.php(234): include('C:\\xampp\\htdocs\\project-root\\-connectify\\app\\Views\\personnes\\liste.php')
 7 SYSTEMPATH\View\View.php(237): CodeIgniter\View\View->CodeIgniter\View\{closure}()
 8 SYSTEMPATH\Common.php(1171): CodeIgniter\View\View->render('personnes/liste', [], true)
 9 APPPATH\Controllers\Personnes.php(13): view('personnes/liste')
10 SYSTEMPATH\CodeIgniter.php(933): App\Controllers\Personnes->liste()
11 SYSTEMPATH\CodeIgniter.php(509): CodeIgniter\CodeIgniter->runController(Object(App\Controllers\Personnes))
12 SYSTEMPATH\CodeIgniter.php(355): CodeIgniter\CodeIgniter->handleRequest(null, Object(Config\Cache), false)
13 SYSTEMPATH\Boot.php(312): CodeIgniter\CodeIgniter->run()
14 SYSTEMPATH\Boot.php(67): CodeIgniter\Boot::runCodeIgniter(Object(CodeIgniter\CodeIgniter))
15 FCPATH\index.php(56): CodeIgniter\Boot::bootWeb(Object(Config\Paths))
16 SYSTEMPATH\Commands\Server\rewrite.php(49): require_once('C:\\xampp\\htdocs\\project-root\\-connectify\\public\\index.php')
CRITICAL - 2024-05-24 12:55:16 --> ErrorException: Undefined variable $personne
[Method: GET, Route: personnes/liste]
in APPPATH\Views\includes\header.php on line 3.
 1 APPPATH\Views\includes\header.php(3): CodeIgniter\Debug\Exceptions->errorHandler(2, 'Undefined variable $personne', 'C:\\xampp\\htdocs\\project-root\\-connectify\\app\\Views\\includes\\header.php', 3)
 2 SYSTEMPATH\View\View.php(234): include('C:\\xampp\\htdocs\\project-root\\-connectify\\app\\Views\\includes\\header.php')
 3 SYSTEMPATH\View\View.php(237): CodeIgniter\View\View->CodeIgniter\View\{closure}()
 4 SYSTEMPATH\Common.php(1171): CodeIgniter\View\View->render('includes/header', [], true)
 5 APPPATH\Views\personnes\liste.php(4): view('includes/header')
 6 SYSTEMPATH\View\View.php(234): include('C:\\xampp\\htdocs\\project-root\\-connectify\\app\\Views\\personnes\\liste.php')
 7 SYSTEMPATH\View\View.php(237): CodeIgniter\View\View->CodeIgniter\View\{closure}()
 8 SYSTEMPATH\Common.php(1171): CodeIgniter\View\View->render('personnes/liste', [], true)
 9 APPPATH\Controllers\Personnes.php(13): view('personnes/liste')
10 SYSTEMPATH\CodeIgniter.php(933): App\Controllers\Personnes->liste()
11 SYSTEMPATH\CodeIgniter.php(509): CodeIgniter\CodeIgniter->runController(Object(App\Controllers\Personnes))
12 SYSTEMPATH\CodeIgniter.php(355): CodeIgniter\CodeIgniter->handleRequest(null, Object(Config\Cache), false)
13 SYSTEMPATH\Boot.php(312): CodeIgniter\CodeIgniter->run()
14 SYSTEMPATH\Boot.php(67): CodeIgniter\Boot::runCodeIgniter(Object(CodeIgniter\CodeIgniter))
15 FCPATH\index.php(56): CodeIgniter\Boot::bootWeb(Object(Config\Paths))
16 SYSTEMPATH\Commands\Server\rewrite.php(49): require_once('C:\\xampp\\htdocs\\project-root\\-connectify\\public\\index.php')
CRITICAL - 2024-05-24 12:56:34 --> ErrorException: Undefined variable $personne
[Method: GET, Route: personnes/liste]
in APPPATH\Views\includes\header.php on line 3.
 1 APPPATH\Views\includes\header.php(3): CodeIgniter\Debug\Exceptions->errorHandler(2, 'Undefined variable $personne', 'C:\\xampp\\htdocs\\project-root\\-connectify\\app\\Views\\includes\\header.php', 3)
 2 SYSTEMPATH\View\View.php(234): include('C:\\xampp\\htdocs\\project-root\\-connectify\\app\\Views\\includes\\header.php')
 3 SYSTEMPATH\View\View.php(237): CodeIgniter\View\View->CodeIgniter\View\{closure}()
 4 SYSTEMPATH\Common.php(1171): CodeIgniter\View\View->render('includes/header', [], true)
 5 APPPATH\Views\personnes\liste.php(4): view('includes/header')
 6 SYSTEMPATH\View\View.php(234): include('C:\\xampp\\htdocs\\project-root\\-connectify\\app\\Views\\personnes\\liste.php')
 7 SYSTEMPATH\View\View.php(237): CodeIgniter\View\View->CodeIgniter\View\{closure}()
 8 SYSTEMPATH\Common.php(1171): CodeIgniter\View\View->render('personnes/liste', [], true)
 9 APPPATH\Controllers\Personnes.php(14): view('personnes/liste', [...])
10 SYSTEMPATH\CodeIgniter.php(933): App\Controllers\Personnes->liste()
11 SYSTEMPATH\CodeIgniter.php(509): CodeIgniter\CodeIgniter->runController(Object(App\Controllers\Personnes))
12 SYSTEMPATH\CodeIgniter.php(355): CodeIgniter\CodeIgniter->handleRequest(null, Object(Config\Cache), false)
13 SYSTEMPATH\Boot.php(312): CodeIgniter\CodeIgniter->run()
14 SYSTEMPATH\Boot.php(67): CodeIgniter\Boot::runCodeIgniter(Object(CodeIgniter\CodeIgniter))
15 FCPATH\index.php(56): CodeIgniter\Boot::bootWeb(Object(Config\Paths))
16 SYSTEMPATH\Commands\Server\rewrite.php(49): require_once('C:\\xampp\\htdocs\\project-root\\-connectify\\public\\index.php')
CRITICAL - 2024-05-24 12:56:35 --> ErrorException: Undefined variable $personne
[Method: GET, Route: personnes/liste]
in APPPATH\Views\includes\header.php on line 3.
 1 APPPATH\Views\includes\header.php(3): CodeIgniter\Debug\Exceptions->errorHandler(2, 'Undefined variable $personne', 'C:\\xampp\\htdocs\\project-root\\-connectify\\app\\Views\\includes\\header.php', 3)
 2 SYSTEMPATH\View\View.php(234): include('C:\\xampp\\htdocs\\project-root\\-connectify\\app\\Views\\includes\\header.php')
 3 SYSTEMPATH\View\View.php(237): CodeIgniter\View\View->CodeIgniter\View\{closure}()
 4 SYSTEMPATH\Common.php(1171): CodeIgniter\View\View->render('includes/header', [], true)
 5 APPPATH\Views\personnes\liste.php(4): view('includes/header')
 6 SYSTEMPATH\View\View.php(234): include('C:\\xampp\\htdocs\\project-root\\-connectify\\app\\Views\\personnes\\liste.php')
 7 SYSTEMPATH\View\View.php(237): CodeIgniter\View\View->CodeIgniter\View\{closure}()
 8 SYSTEMPATH\Common.php(1171): CodeIgniter\View\View->render('personnes/liste', [], true)
 9 APPPATH\Controllers\Personnes.php(14): view('personnes/liste', [...])
10 SYSTEMPATH\CodeIgniter.php(933): App\Controllers\Personnes->liste()
11 SYSTEMPATH\CodeIgniter.php(509): CodeIgniter\CodeIgniter->runController(Object(App\Controllers\Personnes))
12 SYSTEMPATH\CodeIgniter.php(355): CodeIgniter\CodeIgniter->handleRequest(null, Object(Config\Cache), false)
13 SYSTEMPATH\Boot.php(312): CodeIgniter\CodeIgniter->run()
14 SYSTEMPATH\Boot.php(67): CodeIgniter\Boot::runCodeIgniter(Object(CodeIgniter\CodeIgniter))
15 FCPATH\index.php(56): CodeIgniter\Boot::bootWeb(Object(Config\Paths))
16 SYSTEMPATH\Commands\Server\rewrite.php(49): require_once('C:\\xampp\\htdocs\\project-root\\-connectify\\public\\index.php')
CRITICAL - 2024-05-24 13:30:54 --> ErrorException: Undefined variable $personne
[Method: GET, Route: personnes/liste]
in APPPATH\Views\includes\header.php on line 3.
 1 APPPATH\Views\includes\header.php(3): CodeIgniter\Debug\Exceptions->errorHandler(2, 'Undefined variable $personne', 'C:\\xampp\\htdocs\\project-root\\-connectify\\app\\Views\\includes\\header.php', 3)
 2 SYSTEMPATH\View\View.php(234): include('C:\\xampp\\htdocs\\project-root\\-connectify\\app\\Views\\includes\\header.php')
 3 SYSTEMPATH\View\View.php(237): CodeIgniter\View\View->CodeIgniter\View\{closure}()
 4 SYSTEMPATH\Common.php(1171): CodeIgniter\View\View->render('includes/header', [], true)
 5 APPPATH\Views\personnes\liste.php(4): view('includes/header')
 6 SYSTEMPATH\View\View.php(234): include('C:\\xampp\\htdocs\\project-root\\-connectify\\app\\Views\\personnes\\liste.php')
 7 SYSTEMPATH\View\View.php(237): CodeIgniter\View\View->CodeIgniter\View\{closure}()
 8 SYSTEMPATH\Common.php(1171): CodeIgniter\View\View->render('personnes/liste', [], true)
 9 APPPATH\Controllers\Personnes.php(14): view('personnes/liste', [...])
10 SYSTEMPATH\CodeIgniter.php(933): App\Controllers\Personnes->liste()
11 SYSTEMPATH\CodeIgniter.php(509): CodeIgniter\CodeIgniter->runController(Object(App\Controllers\Personnes))
12 SYSTEMPATH\CodeIgniter.php(355): CodeIgniter\CodeIgniter->handleRequest(null, Object(Config\Cache), false)
13 SYSTEMPATH\Boot.php(312): CodeIgniter\CodeIgniter->run()
14 SYSTEMPATH\Boot.php(67): CodeIgniter\Boot::runCodeIgniter(Object(CodeIgniter\CodeIgniter))
15 FCPATH\index.php(56): CodeIgniter\Boot::bootWeb(Object(Config\Paths))
16 SYSTEMPATH\Commands\Server\rewrite.php(49): require_once('C:\\xampp\\htdocs\\project-root\\-connectify\\public\\index.php')
CRITICAL - 2024-05-24 13:31:04 --> ErrorException: Undefined variable $personne
[Method: GET, Route: personnes/liste]
in APPPATH\Views\includes\header.php on line 3.
 1 APPPATH\Views\includes\header.php(3): CodeIgniter\Debug\Exceptions->errorHandler(2, 'Undefined variable $personne', 'C:\\xampp\\htdocs\\project-root\\-connectify\\app\\Views\\includes\\header.php', 3)
 2 SYSTEMPATH\View\View.php(234): include('C:\\xampp\\htdocs\\project-root\\-connectify\\app\\Views\\includes\\header.php')
 3 SYSTEMPATH\View\View.php(237): CodeIgniter\View\View->CodeIgniter\View\{closure}()
 4 SYSTEMPATH\Common.php(1171): CodeIgniter\View\View->render('includes/header', [], true)
 5 APPPATH\Views\personnes\liste.php(4): view('includes/header')
 6 SYSTEMPATH\View\View.php(234): include('C:\\xampp\\htdocs\\project-root\\-connectify\\app\\Views\\personnes\\liste.php')
 7 SYSTEMPATH\View\View.php(237): CodeIgniter\View\View->CodeIgniter\View\{closure}()
 8 SYSTEMPATH\Common.php(1171): CodeIgniter\View\View->render('personnes/liste', [], true)
 9 APPPATH\Controllers\Personnes.php(14): view('personnes/liste', [...])
10 SYSTEMPATH\CodeIgniter.php(933): App\Controllers\Personnes->liste()
11 SYSTEMPATH\CodeIgniter.php(509): CodeIgniter\CodeIgniter->runController(Object(App\Controllers\Personnes))
12 SYSTEMPATH\CodeIgniter.php(355): CodeIgniter\CodeIgniter->handleRequest(null, Object(Config\Cache), false)
13 SYSTEMPATH\Boot.php(312): CodeIgniter\CodeIgniter->run()
14 SYSTEMPATH\Boot.php(67): CodeIgniter\Boot::runCodeIgniter(Object(CodeIgniter\CodeIgniter))
15 FCPATH\index.php(56): CodeIgniter\Boot::bootWeb(Object(Config\Paths))
16 SYSTEMPATH\Commands\Server\rewrite.php(49): require_once('C:\\xampp\\htdocs\\project-root\\-connectify\\public\\index.php')
CRITICAL - 2024-05-24 13:31:13 --> ErrorException: Undefined variable $personne
[Method: GET, Route: personnes/liste]
in APPPATH\Views\includes\header.php on line 3.
 1 APPPATH\Views\includes\header.php(3): CodeIgniter\Debug\Exceptions->errorHandler(2, 'Undefined variable $personne', 'C:\\xampp\\htdocs\\project-root\\-connectify\\app\\Views\\includes\\header.php', 3)
 2 SYSTEMPATH\View\View.php(234): include('C:\\xampp\\htdocs\\project-root\\-connectify\\app\\Views\\includes\\header.php')
 3 SYSTEMPATH\View\View.php(237): CodeIgniter\View\View->CodeIgniter\View\{closure}()
 4 SYSTEMPATH\Common.php(1171): CodeIgniter\View\View->render('includes/header', [], true)
 5 APPPATH\Views\personnes\liste.php(4): view('includes/header')
 6 SYSTEMPATH\View\View.php(234): include('C:\\xampp\\htdocs\\project-root\\-connectify\\app\\Views\\personnes\\liste.php')
 7 SYSTEMPATH\View\View.php(237): CodeIgniter\View\View->CodeIgniter\View\{closure}()
 8 SYSTEMPATH\Common.php(1171): CodeIgniter\View\View->render('personnes/liste', [], true)
 9 APPPATH\Controllers\Personnes.php(14): view('personnes/liste', [...])
10 SYSTEMPATH\CodeIgniter.php(933): App\Controllers\Personnes->liste()
11 SYSTEMPATH\CodeIgniter.php(509): CodeIgniter\CodeIgniter->runController(Object(App\Controllers\Personnes))
12 SYSTEMPATH\CodeIgniter.php(355): CodeIgniter\CodeIgniter->handleRequest(null, Object(Config\Cache), false)
13 SYSTEMPATH\Boot.php(312): CodeIgniter\CodeIgniter->run()
14 SYSTEMPATH\Boot.php(67): CodeIgniter\Boot::runCodeIgniter(Object(CodeIgniter\CodeIgniter))
15 FCPATH\index.php(56): CodeIgniter\Boot::bootWeb(Object(Config\Paths))
16 SYSTEMPATH\Commands\Server\rewrite.php(49): require_once('C:\\xampp\\htdocs\\project-root\\-connectify\\public\\index.php')
CRITICAL - 2024-05-24 13:32:40 --> ErrorException: Undefined variable $personne
[Method: GET, Route: personnes/liste]
in APPPATH\Views\includes\header.php on line 3.
 1 APPPATH\Views\includes\header.php(3): CodeIgniter\Debug\Exceptions->errorHandler(2, 'Undefined variable $personne', 'C:\\xampp\\htdocs\\project-root\\-connectify\\app\\Views\\includes\\header.php', 3)
 2 SYSTEMPATH\View\View.php(234): include('C:\\xampp\\htdocs\\project-root\\-connectify\\app\\Views\\includes\\header.php')
 3 SYSTEMPATH\View\View.php(237): CodeIgniter\View\View->CodeIgniter\View\{closure}()
 4 SYSTEMPATH\Common.php(1171): CodeIgniter\View\View->render('includes/header', [], true)
 5 APPPATH\Views\personnes\liste.php(4): view('includes/header')
 6 SYSTEMPATH\View\View.php(234): include('C:\\xampp\\htdocs\\project-root\\-connectify\\app\\Views\\personnes\\liste.php')
 7 SYSTEMPATH\View\View.php(237): CodeIgniter\View\View->CodeIgniter\View\{closure}()
 8 SYSTEMPATH\Common.php(1171): CodeIgniter\View\View->render('personnes/liste', [], true)
 9 APPPATH\Controllers\Personnes.php(14): view('personnes/liste', [...])
10 SYSTEMPATH\CodeIgniter.php(933): App\Controllers\Personnes->liste()
11 SYSTEMPATH\CodeIgniter.php(509): CodeIgniter\CodeIgniter->runController(Object(App\Controllers\Personnes))
12 SYSTEMPATH\CodeIgniter.php(355): CodeIgniter\CodeIgniter->handleRequest(null, Object(Config\Cache), false)
13 SYSTEMPATH\Boot.php(312): CodeIgniter\CodeIgniter->run()
14 SYSTEMPATH\Boot.php(67): CodeIgniter\Boot::runCodeIgniter(Object(CodeIgniter\CodeIgniter))
15 FCPATH\index.php(56): CodeIgniter\Boot::bootWeb(Object(Config\Paths))
16 SYSTEMPATH\Commands\Server\rewrite.php(49): require_once('C:\\xampp\\htdocs\\project-root\\-connectify\\public\\index.php')
